This is pdfTeX, Version 3.14159265-2.6-1.40.21 (MiKTeX 20.6.29) (preloaded format=pdflatex 2020.9.16)  16 JAN 2023 15:07
entering extended mode
**e:/Digipen/PHY115_2023/slides/01.Introduction/01.Introduction.tex
(e:/Digipen/PHY115_2023/slides/01.Introduction/01.Introduction.tex
LaTeX2e <2020-02-02> patch level 5
L3 programming layer <2020-06-18> (C:\Users\Ana\AppData\Local\Programs\MiKTeX\tex/latex/beamer\beamer.cls
Document Class: beamer 2020/07/22 v3.59 A class for typesetting presentations
(C:\Users\Ana\AppData\Local\Programs\MiKTeX\tex/latex/beamer\beamerbasemodes.sty (C:\Users\Ana\AppData\Local\Programs\MiKTeX\tex/latex/etoolbox\etoolbox.sty
Package: etoolbox 2019/09/21 v2.5h e-TeX tools for LaTeX (JAW)
\etb@tempcnta=\count167
)
\beamer@tempbox=\box45
\beamer@tempcount=\count168
\c@beamerpauses=\count169
 (C:\Users\Ana\AppData\Local\Programs\MiKTeX\tex/latex/beamer\beamerbasedecode.sty
\beamer@slideinframe=\count170
\beamer@minimum=\count171
\beamer@decode@box=\box46
)
\beamer@commentbox=\box47
\beamer@modecount=\count172
) (C:\Users\Ana\AppData\Local\Programs\MiKTeX\tex/generic/iftex\ifpdf.sty
Package: ifpdf 2019/10/25 v3.4 ifpdf legacy package. Use iftex instead.
 (C:\Users\Ana\AppData\Local\Programs\MiKTeX\tex/generic/iftex\iftex.sty
Package: iftex 2020/03/06 v1.0d TeX engine tests
))
\headdp=\dimen134
\footheight=\dimen135
\sidebarheight=\dimen136
\beamer@tempdim=\dimen137
\beamer@finalheight=\dimen138
\beamer@animht=\dimen139
\beamer@animdp=\dimen140
\beamer@animwd=\dimen141
\beamer@leftmargin=\dimen142
\beamer@rightmargin=\dimen143
\beamer@leftsidebar=\dimen144
\beamer@rightsidebar=\dimen145
\beamer@boxsize=\dimen146
\beamer@vboxoffset=\dimen147
\beamer@descdefault=\dimen148
\beamer@descriptionwidth=\dimen149
\beamer@lastskip=\skip47
\beamer@areabox=\box48
\beamer@animcurrent=\box49
\beamer@animshowbox=\box50
\beamer@sectionbox=\box51
\beamer@logobox=\box52
\beamer@linebox=\box53
\beamer@sectioncount=\count173
\beamer@subsubsectionmax=\count174
\beamer@subsectionmax=\count175
\beamer@sectionmax=\count176
\beamer@totalheads=\count177
\beamer@headcounter=\count178
\beamer@partstartpage=\count179
\beamer@sectionstartpage=\count180
\beamer@subsectionstartpage=\count181
\beamer@animationtempa=\count182
\beamer@animationtempb=\count183
\beamer@xpos=\count184
\beamer@ypos=\count185
\beamer@ypos@offset=\count186
\beamer@showpartnumber=\count187
\beamer@currentsubsection=\count188
\beamer@coveringdepth=\count189
\beamer@sectionadjust=\count190
\beamer@tocsectionnumber=\count191
 (C:\Users\Ana\AppData\Local\Programs\MiKTeX\tex/latex/beamer\beamerbaseoptions.sty (C:\Users\Ana\AppData\Local\Programs\MiKTeX\tex/latex/graphics\keyval.sty
Package: keyval 2014/10/28 v1.15 key=value parser (DPC)
\KV@toks@=\toks15
))
\beamer@paperwidth=\skip48
\beamer@paperheight=\skip49
 (C:\Users\Ana\AppData\Local\Programs\MiKTeX\tex/latex/geometry\geometry.sty
Package: geometry 2020/01/02 v5.9 Page Geometry
 (C:\Users\Ana\AppData\Local\Programs\MiKTeX\tex/generic/iftex\ifvtex.sty
Package: ifvtex 2019/10/25 v1.7 ifvtex legacy package. Use iftex instead.
)
\Gm@cnth=\count192
\Gm@cntv=\count193
\c@Gm@tempcnt=\count194
\Gm@bindingoffset=\dimen150
\Gm@wd@mp=\dimen151
\Gm@odd@mp=\dimen152
\Gm@even@mp=\dimen153
\Gm@layoutwidth=\dimen154
\Gm@layoutheight=\dimen155
\Gm@layouthoffset=\dimen156
\Gm@layoutvoffset=\dimen157
\Gm@dimlist=\toks16
 (C:\Users\Ana\AppData\Local\Programs\MiKTeX\tex/latex/geometry\geometry.cfg)) (C:\Users\Ana\AppData\Local\Programs\MiKTeX\tex/latex/base\size11.clo
File: size11.clo 2019/12/20 v1.4l Standard LaTeX file (size option)
) (C:\Users\Ana\AppData\Local\Programs\MiKTeX\tex/latex/pgf/basiclayer\pgfcore.sty (C:\Users\Ana\AppData\Local\Programs\MiKTeX\tex/latex/graphics\graphicx.sty
Package: graphicx 2019/11/30 v1.2a Enhanced LaTeX Graphics (DPC,SPQR)
 (C:\Users\Ana\AppData\Local\Programs\MiKTeX\tex/latex/graphics\graphics.sty
Package: graphics 2019/11/30 v1.4a Standard LaTeX Graphics (DPC,SPQR)
 (C:\Users\Ana\AppData\Local\Programs\MiKTeX\tex/latex/graphics\trig.sty
Package: trig 2016/01/03 v1.10 sin cos tan (DPC)
) (C:\Users\Ana\AppData\Local\Programs\MiKTeX\tex/latex/graphics-cfg\graphics.cfg
File: graphics.cfg 2016/06/04 v1.11 sample graphics configuration
)
Package graphics Info: Driver file: pdftex.def on input line 105.
 (C:\Users\Ana\AppData\Local\Programs\MiKTeX\tex/latex/graphics-def\pdftex.def
File: pdftex.def 2018/01/08 v1.0l Graphics/color driver for pdftex
))
\Gin@req@height=\dimen158
\Gin@req@width=\dimen159
) (C:\Users\Ana\AppData\Local\Programs\MiKTeX\tex/latex/pgf/systemlayer\pgfsys.sty (C:\Users\Ana\AppData\Local\Programs\MiKTeX\tex/latex/pgf/utilities\pgfrcs.sty (C:\Users\Ana\AppData\Local\Programs\MiKTeX\tex/generic/pgf/utilities\pgfutil-common.tex
\pgfutil@everybye=\toks17
\pgfutil@tempdima=\dimen160
\pgfutil@tempdimb=\dimen161
 (C:\Users\Ana\AppData\Local\Programs\MiKTeX\tex/generic/pgf/utilities\pgfutil-common-lists.tex)) (C:\Users\Ana\AppData\Local\Programs\MiKTeX\tex/generic/pgf/utilities\pgfutil-latex.def
\pgfutil@abb=\box54
 (C:\Users\Ana\AppData\Local\Programs\MiKTeX\tex/latex/ms\everyshi.sty
Package: everyshi 2001/05/15 v3.00 EveryShipout Package (MS)
)) (C:\Users\Ana\AppData\Local\Programs\MiKTeX\tex/generic/pgf/utilities\pgfrcs.code.tex (C:\Users\Ana\AppData\Local\Programs\MiKTeX\tex/generic/pgf\pgf.revision.tex)
Package: pgfrcs 2020/01/08 v3.1.5b (3.1.5b)
)) (C:\Users\Ana\AppData\Local\Programs\MiKTeX\tex/generic/pgf/systemlayer\pgfsys.code.tex
Package: pgfsys 2020/01/08 v3.1.5b (3.1.5b)
 (C:\Users\Ana\AppData\Local\Programs\MiKTeX\tex/generic/pgf/utilities\pgfkeys.code.tex
\pgfkeys@pathtoks=\toks18
\pgfkeys@temptoks=\toks19
 (C:\Users\Ana\AppData\Local\Programs\MiKTeX\tex/generic/pgf/utilities\pgfkeysfiltered.code.tex
\pgfkeys@tmptoks=\toks20
))
\pgf@x=\dimen162
\pgf@y=\dimen163
\pgf@xa=\dimen164
\pgf@ya=\dimen165
\pgf@xb=\dimen166
\pgf@yb=\dimen167
\pgf@xc=\dimen168
\pgf@yc=\dimen169
\pgf@xd=\dimen170
\pgf@yd=\dimen171
\w@pgf@writea=\write3
\r@pgf@reada=\read2
\c@pgf@counta=\count195
\c@pgf@countb=\count196
\c@pgf@countc=\count197
\c@pgf@countd=\count198
\t@pgf@toka=\toks21
\t@pgf@tokb=\toks22
\t@pgf@tokc=\toks23
\pgf@sys@id@count=\count199
 (C:\Users\Ana\AppData\Local\Programs\MiKTeX\tex/generic/pgf/systemlayer\pgf.cfg
File: pgf.cfg 2020/01/08 v3.1.5b (3.1.5b)
)
Driver file for pgf: pgfsys-pdftex.def
 (C:\Users\Ana\AppData\Local\Programs\MiKTeX\tex/generic/pgf/systemlayer\pgfsys-pdftex.def
File: pgfsys-pdftex.def 2020/01/08 v3.1.5b (3.1.5b)
 (C:\Users\Ana\AppData\Local\Programs\MiKTeX\tex/generic/pgf/systemlayer\pgfsys-common-pdf.def
File: pgfsys-common-pdf.def 2020/01/08 v3.1.5b (3.1.5b)
))) (C:\Users\Ana\AppData\Local\Programs\MiKTeX\tex/generic/pgf/systemlayer\pgfsyssoftpath.code.tex
File: pgfsyssoftpath.code.tex 2020/01/08 v3.1.5b (3.1.5b)
\pgfsyssoftpath@smallbuffer@items=\count266
\pgfsyssoftpath@bigbuffer@items=\count267
) (C:\Users\Ana\AppData\Local\Programs\MiKTeX\tex/generic/pgf/systemlayer\pgfsysprotocol.code.tex
File: pgfsysprotocol.code.tex 2020/01/08 v3.1.5b (3.1.5b)
)) (C:\Users\Ana\AppData\Local\Programs\MiKTeX\tex/latex/xcolor\xcolor.sty
Package: xcolor 2016/05/11 v2.12 LaTeX color extensions (UK)
 (C:\Users\Ana\AppData\Local\Programs\MiKTeX\tex/latex/graphics-cfg\color.cfg
File: color.cfg 2016/01/02 v1.6 sample color configuration
)
Package xcolor Info: Driver file: pdftex.def on input line 225.
Package xcolor Info: Model `cmy' substituted by `cmy0' on input line 1348.
Package xcolor Info: Model `hsb' substituted by `rgb' on input line 1352.
Package xcolor Info: Model `RGB' extended on input line 1364.
Package xcolor Info: Model `HTML' substituted by `rgb' on input line 1366.
Package xcolor Info: Model `Hsb' substituted by `hsb' on input line 1367.
Package xcolor Info: Model `tHsb' substituted by `hsb' on input line 1368.
Package xcolor Info: Model `HSB' substituted by `hsb' on input line 1369.
Package xcolor Info: Model `Gray' substituted by `gray' on input line 1370.
Package xcolor Info: Model `wave' substituted by `hsb' on input line 1371.
) (C:\Users\Ana\AppData\Local\Programs\MiKTeX\tex/generic/pgf/basiclayer\pgfcore.code.tex
Package: pgfcore 2020/01/08 v3.1.5b (3.1.5b)
 (C:\Users\Ana\AppData\Local\Programs\MiKTeX\tex/generic/pgf/math\pgfmath.code.tex (C:\Users\Ana\AppData\Local\Programs\MiKTeX\tex/generic/pgf/math\pgfmathcalc.code.tex (C:\Users\Ana\AppData\Local\Programs\MiKTeX\tex/generic/pgf/math\pgfmathutil.code.tex) (C:\Users\Ana\AppData\Local\Programs\MiKTeX\tex/generic/pgf/math\pgfmathparser.code.tex
\pgfmath@dimen=\dimen172
\pgfmath@count=\count268
\pgfmath@box=\box55
\pgfmath@toks=\toks24
\pgfmath@stack@operand=\toks25
\pgfmath@stack@operation=\toks26
) (C:\Users\Ana\AppData\Local\Programs\MiKTeX\tex/generic/pgf/math\pgfmathfunctions.code.tex (C:\Users\Ana\AppData\Local\Programs\MiKTeX\tex/generic/pgf/math\pgfmathfunctions.basic.code.tex) (C:\Users\Ana\AppData\Local\Programs\MiKTeX\tex/generic/pgf/math\pgfmathfunctions.trigonometric.code.tex) (C:\Users\Ana\AppData\Local\Programs\MiKTeX\tex/generic/pgf/math\pgfmathfunctions.random.code.tex) (C:\Users\Ana\AppData\Local\Programs\MiKTeX\tex/generic/pgf/math\pgfmathfunctions.comparison.code.tex) (C:\Users\Ana\AppData\Local\Programs\MiKTeX\tex/generic/pgf/math\pgfmathfunctions.base.code.tex) (C:\Users\Ana\AppData\Local\Programs\MiKTeX\tex/generic/pgf/math\pgfmathfunctions.round.code.tex) (C:\Users\Ana\AppData\Local\Programs\MiKTeX\tex/generic/pgf/math\pgfmathfunctions.misc.code.tex) (C:\Users\Ana\AppData\Local\Programs\MiKTeX\tex/generic/pgf/math\pgfmathfunctions.integerarithmetics.code.tex))) (C:\Users\Ana\AppData\Local\Programs\MiKTeX\tex/generic/pgf/math\pgfmathfloat.code.tex
\c@pgfmathroundto@lastzeros=\count269
)) (C:\Users\Ana\AppData\Local\Programs\MiKTeX\tex/generic/pgf/math\pgfint.code.tex) (C:\Users\Ana\AppData\Local\Programs\MiKTeX\tex/generic/pgf/basiclayer\pgfcorepoints.code.tex
File: pgfcorepoints.code.tex 2020/01/08 v3.1.5b (3.1.5b)
\pgf@picminx=\dimen173
\pgf@picmaxx=\dimen174
\pgf@picminy=\dimen175
\pgf@picmaxy=\dimen176
\pgf@pathminx=\dimen177
\pgf@pathmaxx=\dimen178
\pgf@pathminy=\dimen179
\pgf@pathmaxy=\dimen180
\pgf@xx=\dimen181
\pgf@xy=\dimen182
\pgf@yx=\dimen183
\pgf@yy=\dimen184
\pgf@zx=\dimen185
\pgf@zy=\dimen186
) (C:\Users\Ana\AppData\Local\Programs\MiKTeX\tex/generic/pgf/basiclayer\pgfcorepathconstruct.code.tex
File: pgfcorepathconstruct.code.tex 2020/01/08 v3.1.5b (3.1.5b)
\pgf@path@lastx=\dimen187
\pgf@path@lasty=\dimen188
) (C:\Users\Ana\AppData\Local\Programs\MiKTeX\tex/generic/pgf/basiclayer\pgfcorepathusage.code.tex
File: pgfcorepathusage.code.tex 2020/01/08 v3.1.5b (3.1.5b)
\pgf@shorten@end@additional=\dimen189
\pgf@shorten@start@additional=\dimen190
) (C:\Users\Ana\AppData\Local\Programs\MiKTeX\tex/generic/pgf/basiclayer\pgfcorescopes.code.tex
File: pgfcorescopes.code.tex 2020/01/08 v3.1.5b (3.1.5b)
\pgfpic=\box56
\pgf@hbox=\box57
\pgf@layerbox@main=\box58
\pgf@picture@serial@count=\count270
) (C:\Users\Ana\AppData\Local\Programs\MiKTeX\tex/generic/pgf/basiclayer\pgfcoregraphicstate.code.tex
File: pgfcoregraphicstate.code.tex 2020/01/08 v3.1.5b (3.1.5b)
\pgflinewidth=\dimen191
) (C:\Users\Ana\AppData\Local\Programs\MiKTeX\tex/generic/pgf/basiclayer\pgfcoretransformations.code.tex
File: pgfcoretransformations.code.tex 2020/01/08 v3.1.5b (3.1.5b)
\pgf@pt@x=\dimen192
\pgf@pt@y=\dimen193
\pgf@pt@temp=\dimen194
) (C:\Users\Ana\AppData\Local\Programs\MiKTeX\tex/generic/pgf/basiclayer\pgfcorequick.code.tex
File: pgfcorequick.code.tex 2020/01/08 v3.1.5b (3.1.5b)
) (C:\Users\Ana\AppData\Local\Programs\MiKTeX\tex/generic/pgf/basiclayer\pgfcoreobjects.code.tex
File: pgfcoreobjects.code.tex 2020/01/08 v3.1.5b (3.1.5b)
) (C:\Users\Ana\AppData\Local\Programs\MiKTeX\tex/generic/pgf/basiclayer\pgfcorepathprocessing.code.tex
File: pgfcorepathprocessing.code.tex 2020/01/08 v3.1.5b (3.1.5b)
) (C:\Users\Ana\AppData\Local\Programs\MiKTeX\tex/generic/pgf/basiclayer\pgfcorearrows.code.tex
File: pgfcorearrows.code.tex 2020/01/08 v3.1.5b (3.1.5b)
\pgfarrowsep=\dimen195
) (C:\Users\Ana\AppData\Local\Programs\MiKTeX\tex/generic/pgf/basiclayer\pgfcoreshade.code.tex
File: pgfcoreshade.code.tex 2020/01/08 v3.1.5b (3.1.5b)
\pgf@max=\dimen196
\pgf@sys@shading@range@num=\count271
\pgf@shadingcount=\count272
) (C:\Users\Ana\AppData\Local\Programs\MiKTeX\tex/generic/pgf/basiclayer\pgfcoreimage.code.tex
File: pgfcoreimage.code.tex 2020/01/08 v3.1.5b (3.1.5b)
 (C:\Users\Ana\AppData\Local\Programs\MiKTeX\tex/generic/pgf/basiclayer\pgfcoreexternal.code.tex
File: pgfcoreexternal.code.tex 2020/01/08 v3.1.5b (3.1.5b)
\pgfexternal@startupbox=\box59
)) (C:\Users\Ana\AppData\Local\Programs\MiKTeX\tex/generic/pgf/basiclayer\pgfcorelayers.code.tex
File: pgfcorelayers.code.tex 2020/01/08 v3.1.5b (3.1.5b)
) (C:\Users\Ana\AppData\Local\Programs\MiKTeX\tex/generic/pgf/basiclayer\pgfcoretransparency.code.tex
File: pgfcoretransparency.code.tex 2020/01/08 v3.1.5b (3.1.5b)
) (C:\Users\Ana\AppData\Local\Programs\MiKTeX\tex/generic/pgf/basiclayer\pgfcorepatterns.code.tex
File: pgfcorepatterns.code.tex 2020/01/08 v3.1.5b (3.1.5b)
) (C:\Users\Ana\AppData\Local\Programs\MiKTeX\tex/generic/pgf/basiclayer\pgfcorerdf.code.tex
File: pgfcorerdf.code.tex 2020/01/08 v3.1.5b (3.1.5b)
))) (C:\Users\Ana\AppData\Local\Programs\MiKTeX\tex/latex/pgf/utilities\xxcolor.sty
Package: xxcolor 2003/10/24 ver 0.1
\XC@nummixins=\count273
\XC@countmixins=\count274
) (C:\Users\Ana\AppData\Local\Programs\MiKTeX\tex/generic/atbegshi\atbegshi.sty
Package: atbegshi 2019/12/05 v1.19 At begin shipout hook (HO)
 (C:\Users\Ana\AppData\Local\Programs\MiKTeX\tex/generic/infwarerr\infwarerr.sty
Package: infwarerr 2019/12/03 v1.5 Providing info/warning/error messages (HO)
) (C:\Users\Ana\AppData\Local\Programs\MiKTeX\tex/generic/ltxcmds\ltxcmds.sty
Package: ltxcmds 2019/12/15 v1.24 LaTeX kernel commands for general use (HO)
)) (C:\Users\Ana\AppData\Local\Programs\MiKTeX\tex/latex/hyperref\hyperref.sty
Package: hyperref 2020-05-15 v7.00e Hypertext links for LaTeX
 (C:\Users\Ana\AppData\Local\Programs\MiKTeX\tex/generic/pdftexcmds\pdftexcmds.sty
Package: pdftexcmds 2020-06-27 v0.33 Utility functions of pdfTeX for LuaTeX (HO)
Package pdftexcmds Info: \pdf@primitive is available.
Package pdftexcmds Info: \pdf@ifprimitive is available.
Package pdftexcmds Info: \pdfdraftmode found.
) (C:\Users\Ana\AppData\Local\Programs\MiKTeX\tex/generic/kvsetkeys\kvsetkeys.sty
Package: kvsetkeys 2019/12/15 v1.18 Key value parser (HO)
) (C:\Users\Ana\AppData\Local\Programs\MiKTeX\tex/generic/kvdefinekeys\kvdefinekeys.sty
Package: kvdefinekeys 2019-12-19 v1.6 Define keys (HO)
) (C:\Users\Ana\AppData\Local\Programs\MiKTeX\tex/generic/pdfescape\pdfescape.sty
Package: pdfescape 2019/12/09 v1.15 Implements pdfTeX's escape features (HO)
) (C:\Users\Ana\AppData\Local\Programs\MiKTeX\tex/latex/hycolor\hycolor.sty
Package: hycolor 2020-01-27 v1.10 Color options for hyperref/bookmark (HO)
) (C:\Users\Ana\AppData\Local\Programs\MiKTeX\tex/latex/letltxmacro\letltxmacro.sty
Package: letltxmacro 2019/12/03 v1.6 Let assignment for LaTeX macros (HO)
) (C:\Users\Ana\AppData\Local\Programs\MiKTeX\tex/latex/auxhook\auxhook.sty
Package: auxhook 2019-12-17 v1.6 Hooks for auxiliary files (HO)
) (C:\Users\Ana\AppData\Local\Programs\MiKTeX\tex/latex/kvoptions\kvoptions.sty
Package: kvoptions 2019/11/29 v3.13 Key value format for package options (HO)
)
\@linkdim=\dimen197
\Hy@linkcounter=\count275
\Hy@pagecounter=\count276
 (C:\Users\Ana\AppData\Local\Programs\MiKTeX\tex/latex/hyperref\pd1enc.def
File: pd1enc.def 2020-05-15 v7.00e Hyperref: PDFDocEncoding definition (HO)
Now handling font encoding PD1 ...
... no UTF-8 mapping file for font encoding PD1
) (C:\Users\Ana\AppData\Local\Programs\MiKTeX\tex/generic/intcalc\intcalc.sty
Package: intcalc 2019/12/15 v1.3 Expandable calculations with integers (HO)
) (C:\Users\Ana\AppData\Local\Programs\MiKTeX\tex/generic/etexcmds\etexcmds.sty
Package: etexcmds 2019/12/15 v1.7 Avoid name clashes with e-TeX commands (HO)
)
\Hy@SavedSpaceFactor=\count277
Package hyperref Info: Option `bookmarks' set `true' on input line 4338.
Package hyperref Info: Option `bookmarksopen' set `true' on input line 4338.
Package hyperref Info: Option `implicit' set `false' on input line 4338.
Package hyperref Info: Hyper figures OFF on input line 4464.
Package hyperref Info: Link nesting OFF on input line 4469.
Package hyperref Info: Hyper index ON on input line 4472.
Package hyperref Info: Plain pages OFF on input line 4479.
Package hyperref Info: Backreferencing OFF on input line 4484.
Package hyperref Info: Implicit mode OFF; no redefinition of LaTeX internals.
Package hyperref Info: Bookmarks ON on input line 4717.
\c@Hy@tempcnt=\count278
 (C:\Users\Ana\AppData\Local\Programs\MiKTeX\tex/latex/url\url.sty
\Urlmuskip=\muskip16
Package: url 2013/09/16  ver 3.4  Verb mode for urls, etc.
)
LaTeX Info: Redefining \url on input line 5076.
\XeTeXLinkMargin=\dimen198
 (C:\Users\Ana\AppData\Local\Programs\MiKTeX\tex/generic/bitset\bitset.sty
Package: bitset 2019/12/09 v1.3 Handle bit-vector datatype (HO)
 (C:\Users\Ana\AppData\Local\Programs\MiKTeX\tex/generic/bigintcalc\bigintcalc.sty
Package: bigintcalc 2019/12/15 v1.5 Expandable calculations on big integers (HO)
))
\Fld@menulength=\count279
\Field@Width=\dimen199
\Fld@charsize=\dimen256
Package hyperref Info: Hyper figures OFF on input line 6347.
Package hyperref Info: Link nesting OFF on input line 6352.
Package hyperref Info: Hyper index ON on input line 6355.
Package hyperref Info: backreferencing OFF on input line 6362.
Package hyperref Info: Link coloring OFF on input line 6367.
Package hyperref Info: Link coloring with OCG OFF on input line 6372.
Package hyperref Info: PDF/A mode OFF on input line 6377.
LaTeX Info: Redefining \ref on input line 6417.
LaTeX Info: Redefining \pageref on input line 6421.
\Hy@abspage=\count280


Package hyperref Message: Stopped early.

)
Package hyperref Info: Driver (autodetected): hpdftex.
 (C:\Users\Ana\AppData\Local\Programs\MiKTeX\tex/latex/hyperref\hpdftex.def
File: hpdftex.def 2020-05-15 v7.00e Hyperref driver for pdfTeX
 (C:\Users\Ana\AppData\Local\Programs\MiKTeX\tex/latex/atveryend\atveryend.sty
Package: atveryend 2019-12-11 v1.11 Hooks at the very end of document (HO)
)
\Fld@listcount=\count281
\c@bookmark@seq@number=\count282
 (C:\Users\Ana\AppData\Local\Programs\MiKTeX\tex/latex/rerunfilecheck\rerunfilecheck.sty
Package: rerunfilecheck 2019/12/05 v1.9 Rerun checks for auxiliary files (HO)
 (C:\Users\Ana\AppData\Local\Programs\MiKTeX\tex/generic/uniquecounter\uniquecounter.sty
Package: uniquecounter 2019/12/15 v1.4 Provide unlimited unique counter (HO)
)
Package uniquecounter Info: New unique counter `rerunfilecheck' on input line 286.
)) (C:\Users\Ana\AppData\Local\Programs\MiKTeX\tex/latex/beamer\beamerbaserequires.sty (C:\Users\Ana\AppData\Local\Programs\MiKTeX\tex/latex/beamer\beamerbasecompatibility.sty) (C:\Users\Ana\AppData\Local\Programs\MiKTeX\tex/latex/beamer\beamerbasefont.sty (C:\Users\Ana\AppData\Local\Programs\MiKTeX\tex/latex/amsfonts\amssymb.sty
Package: amssymb 2013/01/14 v3.01 AMS font symbols
 (C:\Users\Ana\AppData\Local\Programs\MiKTeX\tex/latex/amsfonts\amsfonts.sty
Package: amsfonts 2013/01/14 v3.01 Basic AMSFonts support
\@emptytoks=\toks27
\symAMSa=\mathgroup4
\symAMSb=\mathgroup5
LaTeX Font Info:    Redeclaring math symbol \hbar on input line 98.
LaTeX Font Info:    Overwriting math alphabet `\mathfrak' in version `bold'
(Font)                  U/euf/m/n --> U/euf/b/n on input line 106.
)) (C:\Users\Ana\AppData\Local\Programs\MiKTeX\tex/latex/sansmathaccent\sansmathaccent.sty
Package: sansmathaccent 2020/01/31
 (C:\Users\Ana\AppData\Local\Programs\MiKTeX\tex/latex/koma-script\scrlfile.sty
Package: scrlfile 2020/07/22 v3.31 KOMA-Script package (loading files)
))) (C:\Users\Ana\AppData\Local\Programs\MiKTeX\tex/latex/beamer\beamerbasetranslator.sty (C:\Users\Ana\AppData\Local\Programs\MiKTeX\tex/latex/translator\translator.sty
Package: translator 2020-08-03 v1.12c Easy translation of strings in LaTeX
)) (C:\Users\Ana\AppData\Local\Programs\MiKTeX\tex/latex/beamer\beamerbasemisc.sty) (C:\Users\Ana\AppData\Local\Programs\MiKTeX\tex/latex/beamer\beamerbasetwoscreens.sty) (C:\Users\Ana\AppData\Local\Programs\MiKTeX\tex/latex/beamer\beamerbaseoverlay.sty
\beamer@argscount=\count283
\beamer@lastskipcover=\skip50
\beamer@trivlistdepth=\count284
) (C:\Users\Ana\AppData\Local\Programs\MiKTeX\tex/latex/beamer\beamerbasetitle.sty) (C:\Users\Ana\AppData\Local\Programs\MiKTeX\tex/latex/beamer\beamerbasesection.sty
\c@lecture=\count285
\c@part=\count286
\c@section=\count287
\c@subsection=\count288
\c@subsubsection=\count289
) (C:\Users\Ana\AppData\Local\Programs\MiKTeX\tex/latex/beamer\beamerbaseframe.sty
\beamer@framebox=\box60
\beamer@frametitlebox=\box61
\beamer@zoombox=\box62
\beamer@zoomcount=\count290
\beamer@zoomframecount=\count291
\beamer@frametextheight=\dimen257
\c@subsectionslide=\count292
\beamer@frametopskip=\skip51
\beamer@framebottomskip=\skip52
\beamer@frametopskipautobreak=\skip53
\beamer@framebottomskipautobreak=\skip54
\beamer@envbody=\toks28
\framewidth=\dimen258
\c@framenumber=\count293
) (C:\Users\Ana\AppData\Local\Programs\MiKTeX\tex/latex/beamer\beamerbaseverbatim.sty
\beamer@verbatimfileout=\write4
) (C:\Users\Ana\AppData\Local\Programs\MiKTeX\tex/latex/beamer\beamerbaseframesize.sty
\beamer@splitbox=\box63
\beamer@autobreakcount=\count294
\beamer@autobreaklastheight=\dimen259
\beamer@frametitletoks=\toks29
\beamer@framesubtitletoks=\toks30
) (C:\Users\Ana\AppData\Local\Programs\MiKTeX\tex/latex/beamer\beamerbaseframecomponents.sty
\beamer@footins=\box64
) (C:\Users\Ana\AppData\Local\Programs\MiKTeX\tex/latex/beamer\beamerbasecolor.sty) (C:\Users\Ana\AppData\Local\Programs\MiKTeX\tex/latex/beamer\beamerbasenotes.sty
\beamer@frameboxcopy=\box65
) (C:\Users\Ana\AppData\Local\Programs\MiKTeX\tex/latex/beamer\beamerbasetoc.sty) (C:\Users\Ana\AppData\Local\Programs\MiKTeX\tex/latex/beamer\beamerbasetemplates.sty
\beamer@sbttoks=\toks31
 (C:\Users\Ana\AppData\Local\Programs\MiKTeX\tex/latex/beamer\beamerbaseauxtemplates.sty (C:\Users\Ana\AppData\Local\Programs\MiKTeX\tex/latex/beamer\beamerbaseboxes.sty
\bmb@box=\box66
\bmb@colorbox=\box67
\bmb@boxshadow=\box68
\bmb@boxshadowball=\box69
\bmb@boxshadowballlarge=\box70
\bmb@temp=\dimen260
\bmb@dima=\dimen261
\bmb@dimb=\dimen262
\bmb@prevheight=\dimen263
)
\beamer@blockheadheight=\dimen264
)) (C:\Users\Ana\AppData\Local\Programs\MiKTeX\tex/latex/beamer\beamerbaselocalstructure.sty (C:\Users\Ana\AppData\Local\Programs\MiKTeX\tex/latex/tools\enumerate.sty
Package: enumerate 2015/07/23 v3.00 enumerate extensions (DPC)
\@enLab=\toks32
)
\c@figure=\count295
\c@table=\count296
\abovecaptionskip=\skip55
\belowcaptionskip=\skip56
) (C:\Users\Ana\AppData\Local\Programs\MiKTeX\tex/latex/beamer\beamerbasenavigation.sty
\beamer@section@min@dim=\dimen265
) (C:\Users\Ana\AppData\Local\Programs\MiKTeX\tex/latex/beamer\beamerbasetheorems.sty (C:\Users\Ana\AppData\Local\Programs\MiKTeX\tex/latex/amsmath\amsmath.sty
Package: amsmath 2020/01/20 v2.17e AMS math features
\@mathmargin=\skip57

For additional information on amsmath, use the `?' option.
(C:\Users\Ana\AppData\Local\Programs\MiKTeX\tex/latex/amsmath\amstext.sty
Package: amstext 2000/06/29 v2.01 AMS text
 (C:\Users\Ana\AppData\Local\Programs\MiKTeX\tex/latex/amsmath\amsgen.sty
File: amsgen.sty 1999/11/30 v2.0 generic functions
\@emptytoks=\toks33
\ex@=\dimen266
)) (C:\Users\Ana\AppData\Local\Programs\MiKTeX\tex/latex/amsmath\amsbsy.sty
Package: amsbsy 1999/11/29 v1.2d Bold Symbols
\pmbraise@=\dimen267
) (C:\Users\Ana\AppData\Local\Programs\MiKTeX\tex/latex/amsmath\amsopn.sty
Package: amsopn 2016/03/08 v2.02 operator names
)
\inf@bad=\count297
LaTeX Info: Redefining \frac on input line 227.
\uproot@=\count298
\leftroot@=\count299
LaTeX Info: Redefining \overline on input line 389.
\classnum@=\count300
\DOTSCASE@=\count301
LaTeX Info: Redefining \ldots on input line 486.
LaTeX Info: Redefining \dots on input line 489.
LaTeX Info: Redefining \cdots on input line 610.
\Mathstrutbox@=\box71
\strutbox@=\box72
\big@size=\dimen268
LaTeX Font Info:    Redeclaring font encoding OML on input line 733.
LaTeX Font Info:    Redeclaring font encoding OMS on input line 734.
\macc@depth=\count302
\c@MaxMatrixCols=\count303
\dotsspace@=\muskip17
\c@parentequation=\count304
\dspbrk@lvl=\count305
\tag@help=\toks34
\row@=\count306
\column@=\count307
\maxfields@=\count308
\andhelp@=\toks35
\eqnshift@=\dimen269
\alignsep@=\dimen270
\tagshift@=\dimen271
\tagwidth@=\dimen272
\totwidth@=\dimen273
\lineht@=\dimen274
\@envbody=\toks36
\multlinegap=\skip58
\multlinetaggap=\skip59
\mathdisplay@stack=\toks37
LaTeX Info: Redefining \[ on input line 2859.
LaTeX Info: Redefining \] on input line 2860.
) (C:\Users\Ana\AppData\Local\Programs\MiKTeX\tex/latex/amscls\amsthm.sty
Package: amsthm 2020/05/29 v2.20.6
\thm@style=\toks38
\thm@bodyfont=\toks39
\thm@headfont=\toks40
\thm@notefont=\toks41
\thm@headpunct=\toks42
\thm@preskip=\skip60
\thm@postskip=\skip61
\thm@headsep=\skip62
\dth@everypar=\toks43
)
\c@theorem=\count309
) (C:\Users\Ana\AppData\Local\Programs\MiKTeX\tex/latex/beamer\beamerbasethemes.sty)) (C:\Users\Ana\AppData\Local\Programs\MiKTeX\tex/latex/beamer\beamerthemedefault.sty (C:\Users\Ana\AppData\Local\Programs\MiKTeX\tex/latex/beamer\beamerfontthemedefault.sty) (C:\Users\Ana\AppData\Local\Programs\MiKTeX\tex/latex/beamer\beamercolorthemedefault.sty) (C:\Users\Ana\AppData\Local\Programs\MiKTeX\tex/latex/beamer\beamerinnerthemedefault.sty
\beamer@dima=\dimen275
\beamer@dimb=\dimen276
) (C:\Users\Ana\AppData\Local\Programs\MiKTeX\tex/latex/beamer\beamerouterthemedefault.sty))) (C:\Users\Ana\AppData\Local\Programs\MiKTeX\tex/latex/beamer\beamerthemesplit.sty (C:\Users\Ana\AppData\Local\Programs\MiKTeX\tex/latex/beamer\beamercolorthemewhale.sty) (C:\Users\Ana\AppData\Local\Programs\MiKTeX\tex/latex/beamer\beamerouterthemesplit.sty) (C:\Users\Ana\AppData\Local\Programs\MiKTeX\tex/latex/beamer\beamerfontthemestructurebold.sty)) (C:\Users\Ana\AppData\Local\Programs\MiKTeX\tex/latex/beamer\multimedia.sty
Package: multimedia 2012/05/02 ver 0.02
\mm@movie=\count310
) (C:\Users\Ana\AppData\Local\Programs\MiKTeX\tex/latex/collectbox\collectbox.sty
Package: collectbox 2012/05/17 v0.4b Collect macro arguments as boxes
\collectedbox=\box73
) (C:\Users\Ana\AppData\Local\Programs\MiKTeX\tex/latex/base\inputenc.sty
Package: inputenc 2018/08/11 v1.3c Input encoding file
\inpenc@prehook=\toks44
\inpenc@posthook=\toks45
) (C:\Users\Ana\AppData\Local\Programs\MiKTeX\tex/generic/babel\babel.sty
Package: babel 2020/06/10 3.45 The Babel package
 (C:\Users\Ana\AppData\Local\Programs\MiKTeX\tex/generic/babel\babel.def
File: babel.def 2020/06/10 3.45 Babel common definitions
\babel@savecnt=\count311
\U@D=\dimen277
\l@babelnohyphens=\language79
 (C:\Users\Ana\AppData\Local\Programs\MiKTeX\tex/generic/babel\txtbabel.def)
\bbl@readstream=\read3
)
LaTeX Info: Redefining \textlatin on input line 674.
\bbl@dirlevel=\count312

*************************************
* Local config file bblopts.cfg used
*
(C:\Users\Ana\AppData\Local\Programs\MiKTeX\tex/latex/arabi\bblopts.cfg
File: bblopts.cfg 2005/09/08 v0.1 add Arabic and Farsi to "declared" options of babel
) (C:\Users\Ana\AppData\Local\Programs\MiKTeX\tex/latex/babel-english\english.ldf
Language: english 2017/06/06 v3.3r English support from the babel system
Package babel Info: \l@canadian = using hyphenrules for english
(babel)             (\language0) on input line 102.
Package babel Info: \l@australian = using hyphenrules for ukenglish
(babel)             (\language73) on input line 105.
Package babel Info: \l@newzealand = using hyphenrules for ukenglish
(babel)             (\language73) on input line 108.
)) (C:\Users\Ana\AppData\Local\Programs\MiKTeX\tex/latex/cancel\cancel.sty
Package: cancel 2013/04/12 v2.2 Cancel math terms
) (C:\Users\Ana\AppData\Local\Programs\MiKTeX\tex/latex/pgf/frontendlayer\tikz.sty (C:\Users\Ana\AppData\Local\Programs\MiKTeX\tex/latex/pgf/basiclayer\pgf.sty
Package: pgf 2020/01/08 v3.1.5b (3.1.5b)
 (C:\Users\Ana\AppData\Local\Programs\MiKTeX\tex/generic/pgf/modules\pgfmoduleshapes.code.tex
File: pgfmoduleshapes.code.tex 2020/01/08 v3.1.5b (3.1.5b)
\pgfnodeparttextbox=\box74
) (C:\Users\Ana\AppData\Local\Programs\MiKTeX\tex/generic/pgf/modules\pgfmoduleplot.code.tex
File: pgfmoduleplot.code.tex 2020/01/08 v3.1.5b (3.1.5b)
) (C:\Users\Ana\AppData\Local\Programs\MiKTeX\tex/latex/pgf/compatibility\pgfcomp-version-0-65.sty
Package: pgfcomp-version-0-65 2020/01/08 v3.1.5b (3.1.5b)
\pgf@nodesepstart=\dimen278
\pgf@nodesepend=\dimen279
) (C:\Users\Ana\AppData\Local\Programs\MiKTeX\tex/latex/pgf/compatibility\pgfcomp-version-1-18.sty
Package: pgfcomp-version-1-18 2020/01/08 v3.1.5b (3.1.5b)
)) (C:\Users\Ana\AppData\Local\Programs\MiKTeX\tex/latex/pgf/utilities\pgffor.sty (C:\Users\Ana\AppData\Local\Programs\MiKTeX\tex/latex/pgf/utilities\pgfkeys.sty (C:\Users\Ana\AppData\Local\Programs\MiKTeX\tex/generic/pgf/utilities\pgfkeys.code.tex)) (C:\Users\Ana\AppData\Local\Programs\MiKTeX\tex/latex/pgf/math\pgfmath.sty (C:\Users\Ana\AppData\Local\Programs\MiKTeX\tex/generic/pgf/math\pgfmath.code.tex)) (C:\Users\Ana\AppData\Local\Programs\MiKTeX\tex/generic/pgf/utilities\pgffor.code.tex
Package: pgffor 2020/01/08 v3.1.5b (3.1.5b)
 (C:\Users\Ana\AppData\Local\Programs\MiKTeX\tex/generic/pgf/math\pgfmath.code.tex)
\pgffor@iter=\dimen280
\pgffor@skip=\dimen281
\pgffor@stack=\toks46
\pgffor@toks=\toks47
)) (C:\Users\Ana\AppData\Local\Programs\MiKTeX\tex/generic/pgf/frontendlayer/tikz\tikz.code.tex
Package: tikz 2020/01/08 v3.1.5b (3.1.5b)
 (C:\Users\Ana\AppData\Local\Programs\MiKTeX\tex/generic/pgf/libraries\pgflibraryplothandlers.code.tex
File: pgflibraryplothandlers.code.tex 2020/01/08 v3.1.5b (3.1.5b)
\pgf@plot@mark@count=\count313
\pgfplotmarksize=\dimen282
)
\tikz@lastx=\dimen283
\tikz@lasty=\dimen284
\tikz@lastxsaved=\dimen285
\tikz@lastysaved=\dimen286
\tikz@lastmovetox=\dimen287
\tikz@lastmovetoy=\dimen288
\tikzleveldistance=\dimen289
\tikzsiblingdistance=\dimen290
\tikz@figbox=\box75
\tikz@figbox@bg=\box76
\tikz@tempbox=\box77
\tikz@tempbox@bg=\box78
\tikztreelevel=\count314
\tikznumberofchildren=\count315
\tikznumberofcurrentchild=\count316
\tikz@fig@count=\count317
 (C:\Users\Ana\AppData\Local\Programs\MiKTeX\tex/generic/pgf/modules\pgfmodulematrix.code.tex
File: pgfmodulematrix.code.tex 2020/01/08 v3.1.5b (3.1.5b)
\pgfmatrixcurrentrow=\count318
\pgfmatrixcurrentcolumn=\count319
\pgf@matrix@numberofcolumns=\count320
)
\tikz@expandcount=\count321
 (C:\Users\Ana\AppData\Local\Programs\MiKTeX\tex/generic/pgf/frontendlayer/tikz/libraries\tikzlibrarytopaths.code.tex
File: tikzlibrarytopaths.code.tex 2020/01/08 v3.1.5b (3.1.5b)
))) (C:\Users\Ana\AppData\Local\Programs\MiKTeX\tex/generic/pgf/frontendlayer/tikz/libraries\tikzlibraryshapes.geometric.code.tex
File: tikzlibraryshapes.geometric.code.tex 2020/01/08 v3.1.5b (3.1.5b)
 (C:\Users\Ana\AppData\Local\Programs\MiKTeX\tex/generic/pgf/libraries/shapes\pgflibraryshapes.geometric.code.tex
File: pgflibraryshapes.geometric.code.tex 2020/01/08 v3.1.5b (3.1.5b)
)) (C:\Users\Ana\AppData\Local\Programs\MiKTeX\tex/generic/pgf/frontendlayer/tikz/libraries\tikzlibraryarrows.code.tex
File: tikzlibraryarrows.code.tex 2020/01/08 v3.1.5b (3.1.5b)
 (C:\Users\Ana\AppData\Local\Programs\MiKTeX\tex/generic/pgf/libraries\pgflibraryarrows.code.tex
File: pgflibraryarrows.code.tex 2020/01/08 v3.1.5b (3.1.5b)
\arrowsize=\dimen291
)) (C:\Users\Ana\AppData\Local\Programs\MiKTeX\tex/latex/l3backend\l3backend-pdfmode.def
File: l3backend-pdfmode.def 2020-06-29 L3 backend support: PDF mode
\l__kernel_color_stack_int=\count322
\l__pdf_internal_box=\box79
) (e:/Digipen\PHY115_2023\slides\01.Introduction\01.Introduction.aux)
\openout1 = `01.Introduction.aux'.

LaTeX Font Info:    Checking defaults for OML/cmm/m/it on input line 61.
LaTeX Font Info:    ... okay on input line 61.
LaTeX Font Info:    Checking defaults for OMS/cmsy/m/n on input line 61.
LaTeX Font Info:    ... okay on input line 61.
LaTeX Font Info:    Checking defaults for OT1/cmr/m/n on input line 61.
LaTeX Font Info:    ... okay on input line 61.
LaTeX Font Info:    Checking defaults for T1/cmr/m/n on input line 61.
LaTeX Font Info:    ... okay on input line 61.
LaTeX Font Info:    Checking defaults for TS1/cmr/m/n on input line 61.
LaTeX Font Info:    ... okay on input line 61.
LaTeX Font Info:    Checking defaults for OMX/cmex/m/n on input line 61.
LaTeX Font Info:    ... okay on input line 61.
LaTeX Font Info:    Checking defaults for U/cmr/m/n on input line 61.
LaTeX Font Info:    ... okay on input line 61.
LaTeX Font Info:    Checking defaults for PD1/pdf/m/n on input line 61.
LaTeX Font Info:    ... okay on input line 61.

*geometry* driver: auto-detecting
*geometry* detected driver: pdftex
*geometry* verbose mode - [ preamble ] result:
* driver: pdftex
* paper: custom
* layout: <same size as paper>
* layoutoffset:(h,v)=(0.0pt,0.0pt)
* modes: includehead includefoot 
* h-part:(L,W,R)=(28.45274pt, 307.28987pt, 28.45274pt)
* v-part:(T,H,B)=(0.0pt, 273.14662pt, 0.0pt)
* \paperwidth=364.19536pt
* \paperheight=273.14662pt
* \textwidth=307.28987pt
* \textheight=244.6939pt
* \oddsidemargin=-43.81725pt
* \evensidemargin=-43.81725pt
* \topmargin=-72.26999pt
* \headheight=14.22636pt
* \headsep=0.0pt
* \topskip=11.0pt
* \footskip=14.22636pt
* \marginparwidth=4.0pt
* \marginparsep=10.0pt
* \columnsep=10.0pt
* \skip\footins=10.0pt plus 4.0pt minus 2.0pt
* \hoffset=0.0pt
* \voffset=0.0pt
* \mag=1000
* \@twocolumnfalse
* \@twosidefalse
* \@mparswitchfalse
* \@reversemarginfalse
* (1in=72.27pt=25.4mm, 1cm=28.453pt)

(C:\Users\Ana\AppData\Local\Programs\MiKTeX\tex/context/base/mkii\supp-pdf.mkii
[Loading MPS to PDF converter (version 2006.09.02).]
\scratchcounter=\count323
\scratchdimen=\dimen292
\scratchbox=\box80
\nofMPsegments=\count324
\nofMParguments=\count325
\everyMPshowfont=\toks48
\MPscratchCnt=\count326
\MPscratchDim=\dimen293
\MPnumerator=\count327
\makeMPintoPDFobject=\count328
\everyMPtoPDFconversion=\toks49
) (C:\Users\Ana\AppData\Local\Programs\MiKTeX\tex/latex/epstopdf-pkg\epstopdf-base.sty
Package: epstopdf-base 2020-01-24 v2.11 Base part for package epstopdf
Package epstopdf-base Info: Redefining graphics rule for `.eps' on input line 485.
) ABD: EveryShipout initializing macros
\AtBeginShipoutBox=\box81
Package hyperref Info: Link coloring OFF on input line 61.
 (C:\Users\Ana\AppData\Local\Programs\MiKTeX\tex/latex/hyperref\nameref.sty
Package: nameref 2019/09/16 v2.46 Cross-referencing by name of section
 (C:\Users\Ana\AppData\Local\Programs\MiKTeX\tex/latex/refcount\refcount.sty
Package: refcount 2019/12/15 v3.6 Data extraction from label references (HO)
) (C:\Users\Ana\AppData\Local\Programs\MiKTeX\tex/generic/gettitlestring\gettitlestring.sty
Package: gettitlestring 2019/12/15 v1.6 Cleanup title references (HO)
)
\c@section@level=\count329
)
LaTeX Info: Redefining \ref on input line 61.
LaTeX Info: Redefining \pageref on input line 61.
LaTeX Info: Redefining \nameref on input line 61.
 (e:/Digipen\PHY115_2023\slides\01.Introduction\01.Introduction.out) (e:/Digipen\PHY115_2023\slides\01.Introduction\01.Introduction.out)
\@outlinefile=\write5
\openout5 = `01.Introduction.out'.

LaTeX Font Info:    Overwriting symbol font `operators' in version `normal'
(Font)                  OT1/cmr/m/n --> OT1/cmss/m/n on input line 61.
LaTeX Font Info:    Overwriting symbol font `operators' in version `bold'
(Font)                  OT1/cmr/bx/n --> OT1/cmss/b/n on input line 61.
\symnumbers=\mathgroup6
\sympureletters=\mathgroup7
LaTeX Font Info:    Overwriting math alphabet `\mathrm' in version `normal'
(Font)                  OT1/cmss/m/n --> OT1/cmr/m/n on input line 61.
LaTeX Font Info:    Redeclaring math alphabet \mathbf on input line 61.
LaTeX Font Info:    Overwriting math alphabet `\mathbf' in version `normal'
(Font)                  OT1/cmr/bx/n --> OT1/cmss/b/n on input line 61.
LaTeX Font Info:    Overwriting math alphabet `\mathbf' in version `bold'
(Font)                  OT1/cmr/bx/n --> OT1/cmss/b/n on input line 61.
LaTeX Font Info:    Redeclaring math alphabet \mathsf on input line 61.
LaTeX Font Info:    Overwriting math alphabet `\mathsf' in version `normal'
(Font)                  OT1/cmss/m/n --> OT1/cmss/m/n on input line 61.
LaTeX Font Info:    Overwriting math alphabet `\mathsf' in version `bold'
(Font)                  OT1/cmss/bx/n --> OT1/cmss/m/n on input line 61.
LaTeX Font Info:    Redeclaring math alphabet \mathit on input line 61.
LaTeX Font Info:    Overwriting math alphabet `\mathit' in version `normal'
(Font)                  OT1/cmr/m/it --> OT1/cmss/m/it on input line 61.
LaTeX Font Info:    Overwriting math alphabet `\mathit' in version `bold'
(Font)                  OT1/cmr/bx/it --> OT1/cmss/m/it on input line 61.
LaTeX Font Info:    Redeclaring math alphabet \mathtt on input line 61.
LaTeX Font Info:    Overwriting math alphabet `\mathtt' in version `normal'
(Font)                  OT1/cmtt/m/n --> OT1/cmtt/m/n on input line 61.
LaTeX Font Info:    Overwriting math alphabet `\mathtt' in version `bold'
(Font)                  OT1/cmtt/m/n --> OT1/cmtt/m/n on input line 61.
LaTeX Font Info:    Overwriting symbol font `numbers' in version `bold'
(Font)                  OT1/cmss/m/n --> OT1/cmss/b/n on input line 61.
LaTeX Font Info:    Overwriting symbol font `pureletters' in version `bold'
(Font)                  OT1/cmss/m/it --> OT1/cmss/b/it on input line 61.
LaTeX Font Info:    Overwriting math alphabet `\mathrm' in version `bold'
(Font)                  OT1/cmss/b/n --> OT1/cmr/b/n on input line 61.
LaTeX Font Info:    Overwriting math alphabet `\mathbf' in version `bold'
(Font)                  OT1/cmss/b/n --> OT1/cmss/b/n on input line 61.
LaTeX Font Info:    Overwriting math alphabet `\mathsf' in version `bold'
(Font)                  OT1/cmss/m/n --> OT1/cmss/b/n on input line 61.
LaTeX Font Info:    Overwriting math alphabet `\mathit' in version `bold'
(Font)                  OT1/cmss/m/it --> OT1/cmss/b/it on input line 61.
LaTeX Font Info:    Overwriting math alphabet `\mathtt' in version `bold'
(Font)                  OT1/cmtt/m/n --> OT1/cmtt/b/n on input line 61.
LaTeX Font Info:    Redeclaring symbol font `pureletters' on input line 61.
LaTeX Font Info:    Overwriting symbol font `pureletters' in version `normal'
(Font)                  OT1/cmss/m/it --> OT1/mathkerncmss/m/sl on input line 61.
LaTeX Font Info:    Overwriting symbol font `pureletters' in version `bold'
(Font)                  OT1/cmss/b/it --> OT1/mathkerncmss/m/sl on input line 61.
LaTeX Font Info:    Overwriting symbol font `pureletters' in version `bold'
(Font)                  OT1/mathkerncmss/m/sl --> OT1/mathkerncmss/bx/sl on input line 61.
 (C:\Users\Ana\AppData\Local\Programs\MiKTeX\tex/latex/translator\translator-basic-dictionary-English.dict
Dictionary: translator-basic-dictionary, Language: English 
) (C:\Users\Ana\AppData\Local\Programs\MiKTeX\tex/latex/translator\translator-bibliography-dictionary-English.dict
Dictionary: translator-bibliography-dictionary, Language: English 
) (C:\Users\Ana\AppData\Local\Programs\MiKTeX\tex/latex/translator\translator-environment-dictionary-English.dict
Dictionary: translator-environment-dictionary, Language: English 
) (C:\Users\Ana\AppData\Local\Programs\MiKTeX\tex/latex/translator\translator-months-dictionary-English.dict
Dictionary: translator-months-dictionary, Language: English 
) (C:\Users\Ana\AppData\Local\Programs\MiKTeX\tex/latex/translator\translator-numbers-dictionary-English.dict
Dictionary: translator-numbers-dictionary, Language: English 
) (C:\Users\Ana\AppData\Local\Programs\MiKTeX\tex/latex/translator\translator-theorem-dictionary-English.dict
Dictionary: translator-theorem-dictionary, Language: English 
) (e:/Digipen\PHY115_2023\slides\01.Introduction\01.Introduction.nav) [1{C:/Users/Ana/AppData/Local/MiKTeX/pdftex/config/pdftex.map}

] (e:/Digipen\PHY115_2023\slides\01.Introduction\01.Introduction.toc) [2

]
LaTeX Font Info:    Trying to load font information for U+msa on input line 103.
 (C:\Users\Ana\AppData\Local\Programs\MiKTeX\tex/latex/amsfonts\umsa.fd
File: umsa.fd 2013/01/14 v3.01 AMS symbols A
)
LaTeX Font Info:    Trying to load font information for U+msb on input line 103.
 (C:\Users\Ana\AppData\Local\Programs\MiKTeX\tex/latex/amsfonts\umsb.fd
File: umsb.fd 2013/01/14 v3.01 AMS symbols B
)
LaTeX Font Info:    Trying to load font information for OT1+mathkerncmss on input line 103.
 (C:\Users\Ana\AppData\Local\Programs\MiKTeX\tex/latex/sansmathaccent\ot1mathkerncmss.fd
File: ot1mathkerncmss.fd 2020/01/31 Fontinst v1.933 font definitions for OT1/mathkerncmss.
) [3

] [4

] [5

] [6

] [7

] [8

] [9

] [10

] [11

] [12

] [13

] [14

] [15

] [16

] [17

] [18

]
<images/voyager.jpg, id=630, 1027.84pt x 601.24625pt>
File: images/voyager.jpg Graphic file (type jpg)
<use images/voyager.jpg>
Package pdftex.def Info: images/voyager.jpg  used on input line 206.
(pdftex.def)             Requested size: 197.67552pt x 115.63243pt.
 [19

 <e:/Digipen/PHY115_2023/slides/01.Introduction/images/voyager.jpg>]
File: images/voyager.jpg Graphic file (type jpg)
<use images/voyager.jpg>
Package pdftex.def Info: images/voyager.jpg  used on input line 206.
(pdftex.def)             Requested size: 197.67552pt x 115.63243pt.
 [20

]
File: images/voyager.jpg Graphic file (type jpg)
<use images/voyager.jpg>
Package pdftex.def Info: images/voyager.jpg  used on input line 206.
(pdftex.def)             Requested size: 197.67552pt x 115.63243pt.
 [21

] [22

] [23

]
<images/motion_path.jpg, id=790, 662.475pt x 398.99063pt>
File: images/motion_path.jpg Graphic file (type jpg)
<use images/motion_path.jpg>
Package pdftex.def Info: images/motion_path.jpg  used on input line 262.
(pdftex.def)             Requested size: 191.99153pt x 115.63243pt.

Overfull \hbox (11.31654pt too wide) in paragraph at lines 262--262
 [] 
 []

[24

 <e:/Digipen/PHY115_2023/slides/01.Introduction/images/motion_path.jpg>]
File: images/motion_path.jpg Graphic file (type jpg)
<use images/motion_path.jpg>
Package pdftex.def Info: images/motion_path.jpg  used on input line 262.
(pdftex.def)             Requested size: 191.99153pt x 115.63243pt.

Overfull \hbox (11.31654pt too wide) in paragraph at lines 262--262
 [] 
 []

[25

]
File: images/motion_path.jpg Graphic file (type jpg)
<use images/motion_path.jpg>
Package pdftex.def Info: images/motion_path.jpg  used on input line 262.
(pdftex.def)             Requested size: 191.99153pt x 115.63243pt.

Overfull \hbox (11.31654pt too wide) in paragraph at lines 262--262
 [] 
 []

[26

]
<images/space_timing.jpg, id=892, 818.05624pt x 384.43625pt>
File: images/space_timing.jpg Graphic file (type jpg)
<use images/space_timing.jpg>
Package pdftex.def Info: images/space_timing.jpg  used on input line 280.
(pdftex.def)             Requested size: 246.05537pt x 115.63243pt.
 [27

 <e:/Digipen/PHY115_2023/slides/01.Introduction/images/space_timing.jpg>]
File: images/space_timing.jpg Graphic file (type jpg)
<use images/space_timing.jpg>
Package pdftex.def Info: images/space_timing.jpg  used on input line 280.
(pdftex.def)             Requested size: 246.05537pt x 115.63243pt.
 [28

]
File: images/space_timing.jpg Graphic file (type jpg)
<use images/space_timing.jpg>
Package pdftex.def Info: images/space_timing.jpg  used on input line 280.
(pdftex.def)             Requested size: 246.05537pt x 115.63243pt.
 [29

]
<images/space_timing2.jpg, id=989, 818.05624pt x 384.43625pt>
File: images/space_timing2.jpg Graphic file (type jpg)
<use images/space_timing2.jpg>
Package pdftex.def Info: images/space_timing2.jpg  used on input line 297.
(pdftex.def)             Requested size: 246.05537pt x 115.63243pt.
 [30

 <e:/Digipen/PHY115_2023/slides/01.Introduction/images/space_timing2.jpg>]
File: images/space_timing2.jpg Graphic file (type jpg)
<use images/space_timing2.jpg>
Package pdftex.def Info: images/space_timing2.jpg  used on input line 297.
(pdftex.def)             Requested size: 246.05537pt x 115.63243pt.
 [31

]
File: images/space_timing2.jpg Graphic file (type jpg)
<use images/space_timing2.jpg>
Package pdftex.def Info: images/space_timing2.jpg  used on input line 297.
(pdftex.def)             Requested size: 246.05537pt x 115.63243pt.
 [32

]
File: images/space_timing2.jpg Graphic file (type jpg)
<use images/space_timing2.jpg>
Package pdftex.def Info: images/space_timing2.jpg  used on input line 297.
(pdftex.def)             Requested size: 246.05537pt x 115.63243pt.
 [33

]
File: images/space_timing2.jpg Graphic file (type jpg)
<use images/space_timing2.jpg>
Package pdftex.def Info: images/space_timing2.jpg  used on input line 297.
(pdftex.def)             Requested size: 246.05537pt x 115.63243pt.
 [34

] [35

] [36

]
<images/reference_frame.jpg, id=1215, 1023.07219pt x 604.50844pt>
File: images/reference_frame.jpg Graphic file (type jpg)
<use images/reference_frame.jpg>
Package pdftex.def Info: images/reference_frame.jpg  used on input line 363.
(pdftex.def)             Requested size: 195.69704pt x 115.63243pt.

Overfull \hbox (15.02205pt too wide) in paragraph at lines 363--363
 [] 
 []

<images/time_line.jpg, id=1216, 593.21625pt x 42.1575pt>
File: images/time_line.jpg Graphic file (type jpg)
<use images/time_line.jpg>
Package pdftex.def Info: images/time_line.jpg  used on input line 363.
(pdftex.def)             Requested size: 305.08887pt x 21.68121pt.

Overfull \vbox (1.7348pt too high) detected at line 363
 []

[37

 <e:/Digipen/PHY115_2023/slides/01.Introduction/images/reference_frame.jpg> <e:/Digipen/PHY115_2023/slides/01.Introduction/images/time_line.jpg>]
File: images/reference_frame.jpg Graphic file (type jpg)
<use images/reference_frame.jpg>
Package pdftex.def Info: images/reference_frame.jpg  used on input line 363.
(pdftex.def)             Requested size: 195.69704pt x 115.63243pt.

Overfull \hbox (15.02205pt too wide) in paragraph at lines 363--363
 [] 
 []

File: images/time_line.jpg Graphic file (type jpg)
<use images/time_line.jpg>
Package pdftex.def Info: images/time_line.jpg  used on input line 363.
(pdftex.def)             Requested size: 305.08887pt x 21.68121pt.

Overfull \vbox (1.7348pt too high) detected at line 363
 []

[38

]
File: images/reference_frame.jpg Graphic file (type jpg)
<use images/reference_frame.jpg>
Package pdftex.def Info: images/reference_frame.jpg  used on input line 363.
(pdftex.def)             Requested size: 195.69704pt x 115.63243pt.

Overfull \hbox (15.02205pt too wide) in paragraph at lines 363--363
 [] 
 []

File: images/time_line.jpg Graphic file (type jpg)
<use images/time_line.jpg>
Package pdftex.def Info: images/time_line.jpg  used on input line 363.
(pdftex.def)             Requested size: 305.08887pt x 21.68121pt.

Overfull \vbox (1.7348pt too high) detected at line 363
 []

[39

]
File: images/reference_frame.jpg Graphic file (type jpg)
<use images/reference_frame.jpg>
Package pdftex.def Info: images/reference_frame.jpg  used on input line 363.
(pdftex.def)             Requested size: 195.69704pt x 115.63243pt.

Overfull \hbox (15.02205pt too wide) in paragraph at lines 363--363
 [] 
 []

File: images/time_line.jpg Graphic file (type jpg)
<use images/time_line.jpg>
Package pdftex.def Info: images/time_line.jpg  used on input line 363.
(pdftex.def)             Requested size: 305.08887pt x 21.68121pt.

Overfull \vbox (1.7348pt too high) detected at line 363
 []

[40

]
<images/reference_map.jpg, id=1346, 1273.75874pt x 874.26625pt>
File: images/reference_map.jpg Graphic file (type jpg)
<use images/reference_map.jpg>
Package pdftex.def Info: images/reference_map.jpg  used on input line 378.
(pdftex.def)             Requested size: 200.05441pt x 137.31255pt.
 [41

 <e:/Digipen/PHY115_2023/slides/01.Introduction/images/reference_map.jpg>] [42

] [43

]
<images/vectorial_illustration.jpg, id=1444, 556.0775pt x 440.64626pt>
File: images/vectorial_illustration.jpg Graphic file (type jpg)
<use images/vectorial_illustration.jpg>
Package pdftex.def Info: images/vectorial_illustration.jpg  used on input line 411.
(pdftex.def)             Requested size: 173.28165pt x 137.31255pt.
 [44

 <e:/Digipen/PHY115_2023/slides/01.Introduction/images/vectorial_illustration.jpg>]
File: images/vectorial_illustration.jpg Graphic file (type jpg)
<use images/vectorial_illustration.jpg>
Package pdftex.def Info: images/vectorial_illustration.jpg  used on input line 411.
(pdftex.def)             Requested size: 173.28165pt x 137.31255pt.
 [45

] [46

] [47

] [48

] [49

] [50

] [51

]
<images/vector.jpg, id=1702, 238.8925pt x 255.95625pt>
File: images/vector.jpg Graphic file (type jpg)
<use images/vector.jpg>
Package pdftex.def Info: images/vector.jpg  used on input line 482.
(pdftex.def)             Requested size: 101.1762pt x 108.405pt.
 [52

 <e:/Digipen/PHY115_2023/slides/01.Introduction/images/vector.jpg>]
<images/paralel_vec.jpg, id=1736, 731.73375pt x 307.1475pt>
File: images/paralel_vec.jpg Graphic file (type jpg)
<use images/paralel_vec.jpg>
Package pdftex.def Info: images/paralel_vec.jpg  used on input line 519.
(pdftex.def)             Requested size: 258.2544pt x 108.405pt.

Overfull \hbox (113.7144pt too wide) in paragraph at lines 519--519
 [] 
 []

[53

 <e:/Digipen/PHY115_2023/slides/01.Introduction/images/paralel_vec.jpg>]
<images/antiparalel_vec.jpg, id=1769, 410.53375pt x 305.14pt>
File: images/antiparalel_vec.jpg Graphic file (type jpg)
<use images/antiparalel_vec.jpg>
Package pdftex.def Info: images/antiparalel_vec.jpg  used on input line 557.
(pdftex.def)             Requested size: 165.2943pt x 122.85876pt.

Overfull \hbox (20.7543pt too wide) in paragraph at lines 557--557
 [] 
 []

[54

 <e:/Digipen/PHY115_2023/slides/01.Introduction/images/antiparalel_vec.jpg>] [55

] [56

] [57

] [58

]
<images/dis3d1.jpg, id=1931, 728.7225pt x 743.77875pt>
File: images/dis3d1.jpg Graphic file (type jpg)
<use images/dis3d1.jpg>
Package pdftex.def Info: images/dis3d1.jpg  used on input line 615.
(pdftex.def)             Requested size: 120.36745pt x 122.85876pt.
 [59

 <e:/Digipen/PHY115_2023/slides/01.Introduction/images/dis3d1.jpg>]
<images/dis3d2.jpg, id=1964, 728.7225pt x 743.77875pt>
File: images/dis3d2.jpg Graphic file (type jpg)
<use images/dis3d2.jpg>
Package pdftex.def Info: images/dis3d2.jpg  used on input line 649.
(pdftex.def)             Requested size: 120.36745pt x 122.85876pt.
 [60

 <e:/Digipen/PHY115_2023/slides/01.Introduction/images/dis3d2.jpg>]
<images/dis3d3.jpg, id=1997, 728.7225pt x 743.77875pt>
File: images/dis3d3.jpg Graphic file (type jpg)
<use images/dis3d3.jpg>
Package pdftex.def Info: images/dis3d3.jpg  used on input line 687.
(pdftex.def)             Requested size: 120.36745pt x 122.85876pt.
 [61

 <e:/Digipen/PHY115_2023/slides/01.Introduction/images/dis3d3.jpg>]
<images/dis2.jpg, id=2031, 410.53375pt x 531.9875pt>
File: images/dis2.jpg Graphic file (type jpg)
<use images/dis2.jpg>
Package pdftex.def Info: images/dis2.jpg  used on input line 724.
(pdftex.def)             Requested size: 111.54092pt x 144.54pt.
 [62

 <e:/Digipen/PHY115_2023/slides/01.Introduction/images/dis2.jpg>]
<images/vectorsum1.jpg, id=2064, 334.24875pt x 273.02pt>
File: images/vectorsum1.jpg Graphic file (type jpg)
<use images/vectorsum1.jpg>
Package pdftex.def Info: images/vectorsum1.jpg  used on input line 761.
(pdftex.def)             Requested size: 150.41054pt x 122.85876pt.

Overfull \hbox (5.87054pt too wide) in paragraph at lines 761--761
 [] 
 []

[63

 <e:/Digipen/PHY115_2023/slides/01.Introduction/images/vectorsum1.jpg>]
File: images/vectorsum1.jpg Graphic file (type jpg)
<use images/vectorsum1.jpg>
Package pdftex.def Info: images/vectorsum1.jpg  used on input line 761.
(pdftex.def)             Requested size: 150.41054pt x 122.85876pt.

Overfull \hbox (5.87054pt too wide) in paragraph at lines 761--761
 [] 
 []

[64

]
<images/vectorsum2.jpg, id=2129, 320.19624pt x 259.97125pt>
File: images/vectorsum2.jpg Graphic file (type jpg)
<use images/vectorsum2.jpg>
Package pdftex.def Info: images/vectorsum2.jpg  used on input line 805.
(pdftex.def)             Requested size: 151.31795pt x 122.85876pt.

Overfull \hbox (6.77795pt too wide) in paragraph at lines 805--805
 [] 
 []

[65

 <e:/Digipen/PHY115_2023/slides/01.Introduction/images/vectorsum2.jpg>]
<images/sum_of_more_vec.jpg, id=2162, 397.485pt x 252.945pt>
File: images/sum_of_more_vec.jpg Graphic file (type jpg)
<use images/sum_of_more_vec.jpg>
Package pdftex.def Info: images/sum_of_more_vec.jpg  used on input line 848.
(pdftex.def)             Requested size: 170.35115pt x 108.405pt.

Overfull \hbox (25.81116pt too wide) in paragraph at lines 848--848
 [] 
 []

[66

 <e:/Digipen/PHY115_2023/slides/01.Introduction/images/sum_of_more_vec.jpg>]
<images/subs_vecs.jpg, id=2195, 1152.305pt x 268.00125pt>
File: images/subs_vecs.jpg Graphic file (type jpg)
<use images/subs_vecs.jpg>
Package pdftex.def Info: images/subs_vecs.jpg  used on input line 871.
(pdftex.def)             Requested size: 279.65341pt x 65.04256pt.
 [67

 <e:/Digipen/PHY115_2023/slides/01.Introduction/images/subs_vecs.jpg>] [68

] [69

]
<images/perp_vec.jpg, id=2293, 556.0775pt x 408.52625pt>
File: images/perp_vec.jpg Graphic file (type jpg)
<use images/perp_vec.jpg>
Package pdftex.def Info: images/perp_vec.jpg  used on input line 957.
(pdftex.def)             Requested size: 167.23181pt x 122.85876pt.

Overfull \hbox (22.69182pt too wide) in paragraph at lines 957--957
 [] 
 []

[70

 <e:/Digipen/PHY115_2023/slides/01.Introduction/images/perp_vec.jpg>]
File: images/perp_vec.jpg Graphic file (type jpg)
<use images/perp_vec.jpg>
Package pdftex.def Info: images/perp_vec.jpg  used on input line 957.
(pdftex.def)             Requested size: 167.23181pt x 122.85876pt.

Overfull \hbox (22.69182pt too wide) in paragraph at lines 957--957
 [] 
 []

[71

]
File: images/perp_vec.jpg Graphic file (type jpg)
<use images/perp_vec.jpg>
Package pdftex.def Info: images/perp_vec.jpg  used on input line 957.
(pdftex.def)             Requested size: 167.23181pt x 122.85876pt.

Overfull \hbox (22.69182pt too wide) in paragraph at lines 957--957
 [] 
 []

[72

]
File: images/perp_vec.jpg Graphic file (type jpg)
<use images/perp_vec.jpg>
Package pdftex.def Info: images/perp_vec.jpg  used on input line 957.
(pdftex.def)             Requested size: 167.23181pt x 122.85876pt.

Overfull \hbox (22.69182pt too wide) in paragraph at lines 957--957
 [] 
 []

[73

]
File: images/perp_vec.jpg Graphic file (type jpg)
<use images/perp_vec.jpg>
Package pdftex.def Info: images/perp_vec.jpg  used on input line 957.
(pdftex.def)             Requested size: 167.23181pt x 122.85876pt.

Overfull \hbox (22.69182pt too wide) in paragraph at lines 957--957
 [] 
 []

[74

] [75

] [76

] [77

] [78

] [79

]
<images/component_vec.jpg, id=2616, 537.00626pt x 399.4925pt>
File: images/component_vec.jpg Graphic file (type jpg)
<use images/component_vec.jpg>
Package pdftex.def Info: images/component_vec.jpg  used on input line 1034.
(pdftex.def)             Requested size: 153.64493pt x 114.29543pt.
 [80

 <e:/Digipen/PHY115_2023/slides/01.Introduction/images/component_vec.jpg>]
File: images/component_vec.jpg Graphic file (type jpg)
<use images/component_vec.jpg>
Package pdftex.def Info: images/component_vec.jpg  used on input line 1034.
(pdftex.def)             Requested size: 153.64493pt x 114.29543pt.
 [81

]
File: images/component_vec.jpg Graphic file (type jpg)
<use images/component_vec.jpg>
Package pdftex.def Info: images/component_vec.jpg  used on input line 1034.
(pdftex.def)             Requested size: 153.64493pt x 114.29543pt.
 [82

]
File: images/component_vec.jpg Graphic file (type jpg)
<use images/component_vec.jpg>
Package pdftex.def Info: images/component_vec.jpg  used on input line 1034.
(pdftex.def)             Requested size: 153.64493pt x 114.29543pt.
 [83

]
File: images/component_vec.jpg Graphic file (type jpg)
<use images/component_vec.jpg>
Package pdftex.def Info: images/component_vec.jpg  used on input line 1034.
(pdftex.def)             Requested size: 153.64493pt x 114.29543pt.
 [84

] [85

] [86

] [87

] [88

] [89

] [90

]
<images/component_vec2.jpg, id=2971, 669.50125pt x 450.68375pt>
File: images/component_vec2.jpg Graphic file (type jpg)
<use images/component_vec2.jpg>
Package pdftex.def Info: images/component_vec2.jpg  used on input line 1125.
(pdftex.def)             Requested size: 153.64493pt x 103.42813pt.
 [91

 <e:/Digipen/PHY115_2023/slides/01.Introduction/images/component_vec2.jpg>] [92

] [93

]
<images/vector_sum.jpg, id=3069, 415.5525pt x 538.01pt>
File: images/vector_sum.jpg Graphic file (type jpg)
<use images/vector_sum.jpg>
Package pdftex.def Info: images/vector_sum.jpg  used on input line 1212.
(pdftex.def)             Requested size: 153.64493pt x 198.92102pt.

Overfull \vbox (5.00635pt too high) detected at line 1212
 []

[94

 <e:/Digipen/PHY115_2023/slides/01.Introduction/images/vector_sum.jpg>]
<images/exampleVS1.jpg, id=3102, 538.01pt x 413.545pt>
File: images/exampleVS1.jpg Graphic file (type jpg)
<use images/exampleVS1.jpg>
Package pdftex.def Info: images/exampleVS1.jpg  used on input line 1251.
(pdftex.def)             Requested size: 169.01035pt x 129.90767pt.

Overfull \hbox (15.36542pt too wide) in paragraph at lines 1251--1251
 [] 
 []

[95

 <e:/Digipen/PHY115_2023/slides/01.Introduction/images/exampleVS1.jpg>]
<images/exampleVS2.jpg, id=3135, 538.01pt x 413.545pt>
File: images/exampleVS2.jpg Graphic file (type jpg)
<use images/exampleVS2.jpg>
Package pdftex.def Info: images/exampleVS2.jpg  used on input line 1284.
(pdftex.def)             Requested size: 169.01035pt x 129.90767pt.

Overfull \hbox (15.36542pt too wide) in paragraph at lines 1284--1284
 [] 
 []

[96

 <e:/Digipen/PHY115_2023/slides/01.Introduction/images/exampleVS2.jpg>]
<images/exampleVS3.jpg, id=3168, 776.9025pt x 593.21625pt>
File: images/exampleVS3.jpg Graphic file (type jpg)
<use images/exampleVS3.jpg>
Package pdftex.def Info: images/exampleVS3.jpg  used on input line 1318.
(pdftex.def)             Requested size: 169.01035pt x 129.05064pt.

Overfull \hbox (15.36542pt too wide) in paragraph at lines 1318--1318
 [] 
 []

[97

 <e:/Digipen/PHY115_2023/slides/01.Introduction/images/exampleVS3.jpg>]
<images/exampleVS4.jpg, id=3202, 776.9025pt x 593.21625pt>
File: images/exampleVS4.jpg Graphic file (type jpg)
<use images/exampleVS4.jpg>
Package pdftex.def Info: images/exampleVS4.jpg  used on input line 1351.
(pdftex.def)             Requested size: 169.01035pt x 129.05064pt.

Overfull \hbox (15.36542pt too wide) in paragraph at lines 1351--1351
 [] 
 []

[98

 <e:/Digipen/PHY115_2023/slides/01.Introduction/images/exampleVS4.jpg>]
<images/exampleVS5.jpg, id=3235, 781.92125pt x 595.22375pt>
File: images/exampleVS5.jpg Graphic file (type jpg)
<use images/exampleVS5.jpg>
Package pdftex.def Info: images/exampleVS5.jpg  used on input line 1384.
(pdftex.def)             Requested size: 169.01035pt x 128.65178pt.

Overfull \hbox (15.36542pt too wide) in paragraph at lines 1384--1384
 [] 
 []

[99

 <e:/Digipen/PHY115_2023/slides/01.Introduction/images/exampleVS5.jpg>]
File: images/exampleVS5.jpg Graphic file (type jpg)
<use images/exampleVS5.jpg>
Package pdftex.def Info: images/exampleVS5.jpg  used on input line 1421.
(pdftex.def)             Requested size: 169.01035pt x 128.65178pt.

Overfull \hbox (15.36542pt too wide) in paragraph at lines 1421--1421
 [] 
 []

[100

]
File: images/exampleVS5.jpg Graphic file (type jpg)
<use images/exampleVS5.jpg>
Package pdftex.def Info: images/exampleVS5.jpg  used on input line 1458.
(pdftex.def)             Requested size: 169.01035pt x 128.65178pt.

Overfull \hbox (15.36542pt too wide) in paragraph at lines 1458--1458
 [] 
 []

[101

] [102

]
<images/component_vec3.jpg, id=3364, 734.745pt x 887.315pt>
File: images/component_vec3.jpg Graphic file (type jpg)
<use images/component_vec3.jpg>
Package pdftex.def Info: images/component_vec3.jpg  used on input line 1506.
(pdftex.def)             Requested size: 149.60347pt x 180.67499pt.

Overfull \hbox (5.06348pt too wide) in paragraph at lines 1506--1506
 [] 
 []

[103

 <e:/Digipen/PHY115_2023/slides/01.Introduction/images/component_vec3.jpg>]
<images/EXAMPLE_vec_comp.jpg, id=3398, 1112.155pt x 524.96124pt>
File: images/EXAMPLE_vec_comp.jpg Graphic file (type jpg)
<use images/EXAMPLE_vec_comp.jpg>
Package pdftex.def Info: images/EXAMPLE_vec_comp.jpg  used on input line 1528.
(pdftex.def)             Requested size: 260.27037pt x 122.85876pt.
 [104

 <e:/Digipen/PHY115_2023/slides/01.Introduction/images/EXAMPLE_vec_comp.jpg>] [105

] [106

] [107

] [108

]
<images/ex.png, id=3559, 649.67719pt x 402.75468pt>
File: images/ex.png Graphic file (type png)
<use images/ex.png>
Package pdftex.def Info: images/ex.png  used on input line 1632.
(pdftex.def)             Requested size: 198.17603pt x 122.85876pt.
 [109

 <e:/Digipen/PHY115_2023/slides/01.Introduction/images/ex.png>]
<images/unit_vec_1.jpg, id=3594, 446.66875pt x 375.4025pt>
File: images/unit_vec_1.jpg Graphic file (type jpg)
<use images/unit_vec_1.jpg>
Package pdftex.def Info: images/unit_vec_1.jpg  used on input line 1683.
(pdftex.def)             Requested size: 111.78278pt x 93.95122pt.
 [110

 <e:/Digipen/PHY115_2023/slides/01.Introduction/images/unit_vec_1.jpg>]
File: images/unit_vec_1.jpg Graphic file (type jpg)
<use images/unit_vec_1.jpg>
Package pdftex.def Info: images/unit_vec_1.jpg  used on input line 1683.
(pdftex.def)             Requested size: 111.78278pt x 93.95122pt.
 [111

]
File: images/unit_vec_1.jpg Graphic file (type jpg)
<use images/unit_vec_1.jpg>
Package pdftex.def Info: images/unit_vec_1.jpg  used on input line 1683.
(pdftex.def)             Requested size: 111.78278pt x 93.95122pt.
 [112

]
File: images/unit_vec_1.jpg Graphic file (type jpg)
<use images/unit_vec_1.jpg>
Package pdftex.def Info: images/unit_vec_1.jpg  used on input line 1683.
(pdftex.def)             Requested size: 111.78278pt x 93.95122pt.
 [113

]
File: images/unit_vec_1.jpg Graphic file (type jpg)
<use images/unit_vec_1.jpg>
Package pdftex.def Info: images/unit_vec_1.jpg  used on input line 1683.
(pdftex.def)             Requested size: 111.78278pt x 93.95122pt.
 [114

] [115

]
<images/unit_vec_2.jpg, id=3789, 681.54625pt x 483.8075pt>
File: images/unit_vec_2.jpg Graphic file (type jpg)
<use images/unit_vec_2.jpg>
Package pdftex.def Info: images/unit_vec_2.jpg  used on input line 1745.
(pdftex.def)             Requested size: 162.88806pt x 115.63243pt.

Overfull \hbox (18.34807pt too wide) in paragraph at lines 1745--1745
 [] 
 []

[116

 <e:/Digipen/PHY115_2023/slides/01.Introduction/images/unit_vec_2.jpg>] [117

] [118

] [119

] [120

] [121

]
<images/PolygonsFunction.png, id=3981, 682.55pt x 572.1375pt>
File: images/PolygonsFunction.png Graphic file (type png)
<use images/PolygonsFunction.png>
Package pdftex.def Info: images/PolygonsFunction.png  used on input line 1825.
(pdftex.def)             Requested size: 129.32132pt x 108.405pt.
 [122

 <e:/Digipen/PHY115_2023/slides/01.Introduction/images/PolygonsFunction.png>]
File: images/PolygonsFunction.png Graphic file (type png)
<use images/PolygonsFunction.png>
Package pdftex.def Info: images/PolygonsFunction.png  used on input line 1825.
(pdftex.def)             Requested size: 129.32132pt x 108.405pt.
 [123

]
<images/relation-function.png, id=4047, 456.20438pt x 444.91219pt>
File: images/relation-function.png Graphic file (type png)
<use images/relation-function.png>
Package pdftex.def Info: images/relation-function.png  used on input line 1839.
(pdftex.def)             Requested size: 222.30997pt x 216.81pt.

Overfull \vbox (13.70197pt too high) detected at line 1839
 []

[124

 <e:/Digipen/PHY115_2023/slides/01.Introduction/images/relation-function.png>] [125

] [126

]
<images/function.jpg, id=4144, 738.76pt x 633.36626pt>
File: images/function.jpg Graphic file (type jpg)
<use images/function.jpg>
Package pdftex.def Info: images/function.jpg  used on input line 1894.
(pdftex.def)             Requested size: 126.44424pt x 108.405pt.
 [127

 <e:/Digipen/PHY115_2023/slides/01.Introduction/images/function.jpg>]
File: images/function.jpg Graphic file (type jpg)
<use images/function.jpg>
Package pdftex.def Info: images/function.jpg  used on input line 1894.
(pdftex.def)             Requested size: 126.44424pt x 108.405pt.
 [128

]
<images/cuadratic.jpg, id=4210, 578.16pt x 433.62pt>
File: images/cuadratic.jpg Graphic file (type jpg)
<use images/cuadratic.jpg>
Package pdftex.def Info: images/cuadratic.jpg  used on input line 1929.
(pdftex.def)             Requested size: 144.53964pt x 108.405pt.
 [129

 <e:/Digipen/PHY115_2023/slides/01.Introduction/images/cuadratic.jpg>]
File: images/cuadratic.jpg Graphic file (type jpg)
<use images/cuadratic.jpg>
Package pdftex.def Info: images/cuadratic.jpg  used on input line 1929.
(pdftex.def)             Requested size: 144.53964pt x 108.405pt.
 [130

]
<images/triangle.png, id=4275, 803.0pt x 803.0pt>
File: images/triangle.png Graphic file (type png)
<use images/triangle.png>
Package pdftex.def Info: images/triangle.png  used on input line 1960.
(pdftex.def)             Requested size: 166.22118pt x 166.2212pt.
 [131

 <e:/Digipen/PHY115_2023/slides/01.Introduction/images/triangle.png>]
File: images/triangle.png Graphic file (type png)
<use images/triangle.png>
Package pdftex.def Info: images/triangle.png  used on input line 1989.
(pdftex.def)             Requested size: 166.22118pt x 166.2212pt.
 [132

]
File: images/triangle.png Graphic file (type png)
<use images/triangle.png>
Package pdftex.def Info: images/triangle.png  used on input line 2019.
(pdftex.def)             Requested size: 166.22118pt x 166.2212pt.
 [133

]
<images/trigonometric.jpg, id=4374, 578.16pt x 433.62pt>
File: images/trigonometric.jpg Graphic file (type jpg)
<use images/trigonometric.jpg>
Package pdftex.def Info: images/trigonometric.jpg  used on input line 2035.
(pdftex.def)             Requested size: 289.07928pt x 216.81pt.

Overfull \vbox (20.89532pt too high) detected at line 2035
 []

[134

 <e:/Digipen/PHY115_2023/slides/01.Introduction/images/trigonometric.jpg>]
<images/radians.png, id=4407, 291.33844pt x 278.54062pt>
File: images/radians.png Graphic file (type png)
<use images/radians.png>
Package pdftex.def Info: images/radians.png  used on input line 2048.
(pdftex.def)             Requested size: 151.18567pt x 144.54pt.
 [135

 <e:/Digipen/PHY115_2023/slides/01.Introduction/images/radians.png>] [136

] [137

] [138

] [139

] [140

] [141

] [142

] [143

] [144

] [145

] [146

] [147

]
\tf@nav=\write6
\openout6 = `01.Introduction.nav'.

\tf@toc=\write7
\openout7 = `01.Introduction.toc'.

\tf@snm=\write8
\openout8 = `01.Introduction.snm'.

Package atveryend Info: Empty hook `BeforeClearDocument' on input line 2147.
Package atveryend Info: Empty hook `AfterLastShipout' on input line 2147.
 (e:/Digipen\PHY115_2023\slides\01.Introduction\01.Introduction.aux)
Package atveryend Info: Executing hook `AtVeryEndDocument' on input line 2147.
Package atveryend Info: Executing hook `AtEndAfterFileList' on input line 2147.
Package rerunfilecheck Info: File `01.Introduction.out' has not changed.
(rerunfilecheck)             Checksum: A7C6D16726239A7919B3FDE6F56F8318;447.
 ) 
Here is how much of TeX's memory you used:
 23625 strings out of 480790
 473441 string characters out of 2898239
 726308 words of memory out of 3000000
 38747 multiletter control sequences out of 15000+200000
 545717 words of font info for 72 fonts, out of 3000000 for 9000
 1141 hyphenation exceptions out of 8191
 58i,19n,67p,828b,575s stack positions out of 5000i,500n,10000p,200000b,50000s
<C:/Users/Ana/AppData/Local/Programs/MiKTeX/fonts/type1/public/amsfonts/cm/cmex10.pfb><C:/Users/Ana/AppData/Local/Programs/MiKTeX/fonts/type1/public/amsfonts/cm/cmmi10.pfb><C:/Users/Ana/AppData/Local/Programs/MiKTeX/fonts/type1/public/amsfonts/cm/cmss10.pfb><C:/Users/Ana/AppData/Local/Programs/MiKTeX/fonts/type1/public/amsfonts/cm/cmss12.pfb><C:/Users/Ana/AppData/Local/Programs/MiKTeX/fonts/type1/public/amsfonts/cm/cmss8.pfb><C:/Users/Ana/AppData/Local/Programs/MiKTeX/fonts/type1/public/amsfonts/cm/cmss9.pfb><C:/Users/Ana/AppData/Local/Programs/MiKTeX/fonts/type1/public/amsfonts/cm/cmssbx10.pfb><C:/Users/Ana/AppData/Local/Programs/MiKTeX/fonts/type1/public/amsfonts/cm/cmssi10.pfb><C:/Users/Ana/AppData/Local/Programs/MiKTeX/fonts/type1/public/amsfonts/cm/cmssi8.pfb><C:/Users/Ana/AppData/Local/Programs/MiKTeX/fonts/type1/public/amsfonts/cm/cmsy10.pfb><C:/Users/Ana/AppData/Local/Programs/MiKTeX/fonts/type1/public/amsfonts/cm/cmsy8.pfb><C:/Users/Ana/AppData/Local/Programs/MiKTeX/fonts/type1/public/amsfonts/symbols/msam10.pfb>
Output written on e:/Digipen\PHY115_2023\slides\01.Introduction\01.Introduction.pdf (147 pages, 3819907 bytes).
PDF statistics:
 4933 PDF objects out of 5155 (max. 8388607)
 302 named destinations out of 1000 (max. 500000)
 303 words of extra memory for PDF output out of 10000 (max. 10000000)

